[19:00:32] [main/INFO]: Using mbed TLS based native cipher.
[19:00:32] [main/INFO]: Using zlib based native compressor.
[19:00:32] [main/INFO]: Enabled Waterfall version git:Waterfall-Bootstrap:1.21-R0.1-SNAPSHOT:de8345a:579
[19:00:32] [main/WARN]: Waterfall has reached end of life and is no longer maintained. We recommend you transition to Velocity (https://papermc.io/software/velocity). For more information, see the announcement (https://forums.papermc.io/threads/1088/).
[19:00:32] [main/INFO]: Not on Windows, attempting to use enhanced EpollEventLoop
[19:00:32] [main/INFO]: Epoll is working, utilising it!
[19:00:32] [main/INFO]: Discovered module: ModuleSpec(name=cmd_alert, file=modules/cmd_alert.jar, provider=JenkinsModuleSource())
[19:00:32] [main/INFO]: Discovered module: ModuleSpec(name=cmd_find, file=modules/cmd_find.jar, provider=JenkinsModuleSource())
[19:00:32] [main/INFO]: Discovered module: ModuleSpec(name=cmd_list, file=modules/cmd_list.jar, provider=JenkinsModuleSource())
[19:00:32] [main/INFO]: Discovered module: ModuleSpec(name=cmd_send, file=modules/cmd_send.jar, provider=JenkinsModuleSource())
[19:00:32] [main/INFO]: Discovered module: ModuleSpec(name=cmd_server, file=modules/cmd_server.jar, provider=JenkinsModuleSource())
[19:00:32] [main/INFO]: Discovered module: ModuleSpec(name=reconnect_yaml, file=modules/reconnect_yaml.jar, provider=JenkinsModuleSource())
[19:00:32] [main/INFO]: Loaded plugin reconnect_yaml version git:reconnect_yaml:1.21-R0.1-SNAPSHOT:de8345a:579 by WaterfallMC
[19:00:32] [main/INFO]: Loaded plugin cmd_find version git:cmd_find:1.21-R0.1-SNAPSHOT:de8345a:579 by WaterfallMC
[19:00:32] [main/INFO]: Loaded plugin cmd_server version git:cmd_server:1.21-R0.1-SNAPSHOT:de8345a:579 by WaterfallMC
[19:00:32] [main/INFO]: Loaded plugin cmd_alert version git:cmd_alert:1.21-R0.1-SNAPSHOT:de8345a:579 by WaterfallMC
[19:00:32] [main/INFO]: Loaded plugin cmd_send version git:cmd_send:1.21-R0.1-SNAPSHOT:de8345a:579 by WaterfallMC
[19:00:32] [main/INFO]: Loaded plugin cmd_list version git:cmd_list:1.21-R0.1-SNAPSHOT:de8345a:579 by WaterfallMC
[19:00:32] [main/WARN]: :>:>:>:>:>:>:>:>:>:>:>:>:>:>:>:>:>:>:>:>:>:>:>
[19:00:32] [main/WARN]: :>  
[19:00:32] [main/WARN]: :>      EAGLERCRAFTXBUNGEE WARNING:
[19:00:32] [main/WARN]: :>  
[19:00:32] [main/WARN]: :>  This plugin wasn't tested to be 'working'
[19:00:32] [main/WARN]: :>  with ANY version of BungeeCord (and forks)
[19:00:32] [main/WARN]: :>  apart from the versions listed below:
[19:00:32] [main/WARN]: :>  
[19:00:32] [main/WARN]: :>  - BungeeCord: 1.21-R0.1-SNAPSHOT:acb85e3:1871
[19:00:32] [main/WARN]: :>  - Waterfall: 1.21-R0.1-SNAPSHOT:de8345a:579
[19:00:32] [main/WARN]: :>  
[19:00:32] [main/WARN]: :>  This is not a Bukkit/Spigot plugin!
[19:00:32] [main/WARN]: :>  
[19:00:32] [main/WARN]: :>  Use "-Deaglerxbungee.stfu=true" to hide
[19:00:32] [main/WARN]: :>  
[19:00:32] [main/WARN]: :>:>:>:>:>:>:>:>:>:>:>:>:>:>:>:>:>:>:>:>:>:>:>
[19:00:32] [main/INFO] [EaglercraftXBungee]: Loading vanilla profile: lax1dude
[19:00:34] [Skin Download Thread #1/INFO] [EaglercraftXBungee]: Loaded vanilla profile: lax1dude
[19:00:34] [main/INFO]: Loaded plugin EaglercraftXBungee version 1.3.1 by lax1dude
[19:00:34] [main/WARN]: Forced host server pvp is not defined
[19:00:34] [main/INFO]: Enabled plugin reconnect_yaml version git:reconnect_yaml:1.21-R0.1-SNAPSHOT:de8345a:579 by WaterfallMC
[19:00:34] [main/INFO]: Enabled plugin cmd_find version git:cmd_find:1.21-R0.1-SNAPSHOT:de8345a:579 by WaterfallMC
[19:00:34] [main/INFO]: Enabled plugin cmd_server version git:cmd_server:1.21-R0.1-SNAPSHOT:de8345a:579 by WaterfallMC
[19:00:34] [main/INFO]: Enabled plugin cmd_alert version git:cmd_alert:1.21-R0.1-SNAPSHOT:de8345a:579 by WaterfallMC
[19:00:34] [main/INFO]: Enabled plugin cmd_send version git:cmd_send:1.21-R0.1-SNAPSHOT:de8345a:579 by WaterfallMC
[19:00:34] [main/INFO]: Enabled plugin cmd_list version git:cmd_list:1.21-R0.1-SNAPSHOT:de8345a:579 by WaterfallMC
[19:00:34] [main/ERROR] [EaglercraftXBungee]: Online mode is set to false! Authentication system has been disabled
[19:00:34] [Netty Boss IO Thread #0/INFO] [EaglercraftXBungee]: Eaglercraft is listening on: /0.0.0.0:8081
[19:00:35] [main/INFO] [EaglercraftXBungee]: Connected to database: jdbc:sqlite:eaglercraft_skins_cache.db
[19:00:35] [main/INFO] [EaglercraftXBungee]: Voice chat disabled, add "allow_voice: true" to your listeners to enable
[19:00:35] [main/INFO]: Enabled plugin EaglercraftXBungee version 1.3.1 by lax1dude
[19:00:35] [Netty Boss IO Thread #1/INFO]: Listening on /127.0.0.1:25577
[19:02:05] [Netty Worker IO Thread #0/WARN] [EaglercraftXBungee]: Server icon is not a file: /workspaces/server-test/bungee/server-icon.png
[19:02:12] [Netty Worker IO Thread #1/INFO] [EaglercraftXBungee]: [/[0:0:0:0:0:0:0:1%0]:49474]: Connected via websocket
[19:02:12] [Netty Worker IO Thread #1/INFO] [EaglercraftXBungee]: [/[0:0:0:0:0:0:0:1%0]:49474]: Origin header is https://eaglercraft.com
[19:02:12] [Netty Worker IO Thread #1/INFO] [EaglercraftXBungee]: [/[0:0:0:0:0:0:0:1%0]:49474]: Logged in as 'Rok'
[19:02:12] [Netty Worker IO Thread #1/INFO]: [/[0:0:0:0:0:0:0:1%0]:49474|Rok] -> UpstreamBridge has connected
[19:02:12] [Netty Worker IO Thread #1/INFO]: [Rok|/[0:0:0:0:0:0:0:1%0]:49474] <-> ServerConnector [lobby] has connected
[19:04:46] [Netty Worker IO Thread #1/INFO]: [/[0:0:0:0:0:0:0:1%0]:49474|Rok] -> UpstreamBridge has disconnected
[19:04:46] [Netty Worker IO Thread #1/INFO]: [Rok] disconnected with: Proxy lost connection to server.
[19:04:46] [Netty Worker IO Thread #1/INFO]: [/[0:0:0:0:0:0:0:1%0]:49474|Rok] <-> DownstreamBridge <-> [lobby] has disconnected
